[INFO] Error stacktraces are turned on.
[INFO] Scanning for projects...
[INFO] ------------------------------------------------------------------------
[INFO] Reactor Build Order:
[INFO] 
[INFO] coding-0.0.26-SNAPSHOT
[INFO] parent-0.0.26-SNAPSHOT
[INFO] aspekte-0.0.26-SNAPSHOT
[INFO] haushaltsbuch-0.0.1-SNAPSHOT
[INFO] richtlinien-0.0.26-SNAPSHOT
[INFO] dominium
[INFO] dominium-persistenz-jpa
[INFO] domaene-0.0.1-SNAPSHOT
[INFO] infrastruktur-0.0.1-SNAPSHOT
[INFO] anwendung
[INFO] dominium-persistenz-atom
[INFO]                                                                         
[INFO] ------------------------------------------------------------------------
[INFO] Building coding-0.0.26-SNAPSHOT 0.0.26-SNAPSHOT
[INFO] ------------------------------------------------------------------------
[INFO] 
[INFO] --- maven-clean-plugin:2.5:clean (default-clean) @ coding ---
[INFO]                                                                         
[INFO] ------------------------------------------------------------------------
[INFO] Building parent-0.0.26-SNAPSHOT 0.0.26-SNAPSHOT
[INFO] ------------------------------------------------------------------------
[INFO] 
[INFO] --- maven-clean-plugin:2.5:clean (default-clean) @ parent ---
[INFO]                                                                         
[INFO] ------------------------------------------------------------------------
[INFO] Building aspekte-0.0.26-SNAPSHOT 0.0.26-SNAPSHOT
[INFO] ------------------------------------------------------------------------
[INFO] 
[INFO] --- maven-clean-plugin:2.5:clean (default-clean) @ aspekte ---
[INFO] Deleting /home/matthias/Projekte/haushaltsbuch/coding/parent/aspekte/target
[INFO] 
[INFO] --- maven-resources-plugin:2.6:resources (default-resources) @ aspekte ---
[INFO] Using 'UTF-8' encoding to copy filtered resources.
[INFO] Copying 6 resources
[INFO] 
[INFO] --- maven-compiler-plugin:3.3:compile (default-compile) @ aspekte ---
[INFO] Compiling 12 source files to /home/matthias/Projekte/haushaltsbuch/coding/parent/aspekte/target/classes
[INFO] 
[INFO] --- aspectj-maven-plugin:1.8:compile (default) @ aspekte ---
[INFO] Showing AJC message detail for messages of types: [error, warning, fail]
[INFO] 
[INFO] --- maven-resources-plugin:2.6:testResources (default-testResources) @ aspekte ---
[INFO] Using 'UTF-8' encoding to copy filtered resources.
[INFO] skip non existing resourceDirectory /home/matthias/Projekte/haushaltsbuch/coding/parent/aspekte/src/test/resources
[INFO] 
[INFO] --- maven-compiler-plugin:3.3:testCompile (default-testCompile) @ aspekte ---
[INFO] Compiling 21 source files to /home/matthias/Projekte/haushaltsbuch/coding/parent/aspekte/target/test-classes
[INFO] 
[INFO] --- aspectj-maven-plugin:1.8:test-compile (default) @ aspekte ---
[INFO] Showing AJC message detail for messages of types: [error, warning, fail]
[INFO]                                                                         
[INFO] ------------------------------------------------------------------------
[INFO] Building haushaltsbuch-0.0.1-SNAPSHOT 0.0.1-SNAPSHOT
[INFO] ------------------------------------------------------------------------
[INFO] 
[INFO] --- maven-clean-plugin:2.5:clean (default-clean) @ haushaltsbuch ---
[INFO] 
[INFO] --- maven-enforcer-plugin:1.4.1:enforce (enforce-versions) @ haushaltsbuch ---
[INFO] 
[INFO] --- gmavenplus-plugin:1.5:compile (default) @ haushaltsbuch ---
[INFO] No sources specified for compilation.  Skipping.
[INFO] 
[INFO] --- aspectj-maven-plugin:1.8:compile (weave-classes) @ haushaltsbuch ---
[WARNING] Not executing aspectJ compiler as the project is not a Java classpath-capable package
[INFO] 
[INFO] --- gmavenplus-plugin:1.5:testCompile (default) @ haushaltsbuch ---
[INFO] No sources specified for compilation.  Skipping.
[INFO] 
[INFO] --- aspectj-maven-plugin:1.8:test-compile (weave-test-classes) @ haushaltsbuch ---
[WARNING] Not executing aspectJ compiler as the project is not a Java classpath-capable package
[INFO]                                                                         
[INFO] ------------------------------------------------------------------------
[INFO] Building richtlinien-0.0.26-SNAPSHOT 0.0.26-SNAPSHOT
[INFO] ------------------------------------------------------------------------
[INFO] 
[INFO] --- maven-clean-plugin:2.5:clean (default-clean) @ richtlinien ---
[INFO] Deleting /home/matthias/Projekte/haushaltsbuch/coding/parent/richtlinien/target
[INFO] 
[INFO] --- maven-resources-plugin:2.6:resources (default-resources) @ richtlinien ---
[INFO] Using 'UTF-8' encoding to copy filtered resources.
[INFO] Copying 4 resources
[INFO] 
[INFO] --- maven-compiler-plugin:3.5.1:compile (default-compile) @ richtlinien ---
[INFO] No sources to compile
[INFO] 
[INFO] --- maven-resources-plugin:2.6:testResources (default-testResources) @ richtlinien ---
[INFO] Using 'UTF-8' encoding to copy filtered resources.
[INFO] skip non existing resourceDirectory /home/matthias/Projekte/haushaltsbuch/coding/parent/richtlinien/src/test/resources
[INFO] 
[INFO] --- maven-compiler-plugin:3.5.1:testCompile (default-testCompile) @ richtlinien ---
[INFO] No sources to compile
[INFO]                                                                         
[INFO] ------------------------------------------------------------------------
[INFO] Building dominium 0.0.1-SNAPSHOT
[INFO] ------------------------------------------------------------------------
[INFO] 
[INFO] --- maven-clean-plugin:2.5:clean (default-clean) @ dominium ---
[INFO] Deleting /home/matthias/Projekte/haushaltsbuch/dominium/target
[INFO] 
[INFO] --- maven-enforcer-plugin:1.4.1:enforce (enforce-versions) @ dominium ---
[INFO] 
[INFO] --- maven-resources-plugin:2.6:resources (default-resources) @ dominium ---
[INFO] Using 'UTF-8' encoding to copy filtered resources.
[INFO] Copying 3 resources
[INFO] 
[INFO] --- maven-compiler-plugin:3.5.1:compile (default-compile) @ dominium ---
[INFO] Compiling 37 source files to /home/matthias/Projekte/haushaltsbuch/dominium/target/classes
[INFO] 
[INFO] --- gmavenplus-plugin:1.5:compile (default) @ dominium ---
[INFO] No sources specified for compilation.  Skipping.
[INFO] 
[INFO] --- aspectj-maven-plugin:1.8:compile (weave-classes) @ dominium ---
[INFO] Showing AJC message detail for messages of types: [error, warning, fail]
[INFO] 
[INFO] --- maven-checkstyle-plugin:2.17:check (validate) @ dominium ---
[INFO] Starting audit...
Audit done.
[INFO] 
[INFO] --- maven-resources-plugin:2.6:testResources (default-testResources) @ dominium ---
[INFO] Using 'UTF-8' encoding to copy filtered resources.
[INFO] skip non existing resourceDirectory /home/matthias/Projekte/haushaltsbuch/dominium/src/test/resources
[INFO] 
[INFO] --- maven-compiler-plugin:3.5.1:testCompile (default-testCompile) @ dominium ---
[INFO] Compiling 16 source files to /home/matthias/Projekte/haushaltsbuch/dominium/target/test-classes
[INFO] /home/matthias/Projekte/haushaltsbuch/dominium/src/test/java/com/github/haschi/dominium/memory/MemoryEreignislagerTest.java: /home/matthias/Projekte/haushaltsbuch/dominium/src/test/java/com/github/haschi/dominium/memory/MemoryEreignislagerTest.java uses unchecked or unsafe operations.
[INFO] /home/matthias/Projekte/haushaltsbuch/dominium/src/test/java/com/github/haschi/dominium/memory/MemoryEreignislagerTest.java: Recompile with -Xlint:unchecked for details.
[INFO] 
[INFO] --- gmavenplus-plugin:1.5:testCompile (default) @ dominium ---
[INFO] Using Groovy 2.4.5 to perform testCompile.
[INFO] Compiled 15 files.
[INFO] 
[INFO] --- aspectj-maven-plugin:1.8:test-compile (weave-test-classes) @ dominium ---
[INFO] Showing AJC message detail for messages of types: [error, warning, fail]
[INFO]                                                                         
[INFO] ------------------------------------------------------------------------
[INFO] Building dominium-persistenz-jpa 0.0.1-SNAPSHOT
[INFO] ------------------------------------------------------------------------
[INFO] 
[INFO] --- maven-clean-plugin:2.5:clean (default-clean) @ dominium-persistenz-jpa ---
[INFO] Deleting /home/matthias/Projekte/haushaltsbuch/dominium-persistenz-jpa/target
[INFO] 
[INFO] --- maven-enforcer-plugin:1.4.1:enforce (enforce-versions) @ dominium-persistenz-jpa ---
[INFO] 
[INFO] --- maven-resources-plugin:2.6:resources (default-resources) @ dominium-persistenz-jpa ---
[INFO] Using 'UTF-8' encoding to copy filtered resources.
[INFO] skip non existing resourceDirectory /home/matthias/Projekte/haushaltsbuch/dominium-persistenz-jpa/src/main/resources
[INFO] 
[INFO] --- maven-compiler-plugin:3.5.1:compile (default-compile) @ dominium-persistenz-jpa ---
[INFO] Compiling 11 source files to /home/matthias/Projekte/haushaltsbuch/dominium-persistenz-jpa/target/classes
[INFO] /home/matthias/Projekte/haushaltsbuch/dominium-persistenz-jpa/src/main/java/com/github/haschi/dominium/persistenz/jpa/BinärSerialisierer.java: Some input files use unchecked or unsafe operations.
[INFO] /home/matthias/Projekte/haushaltsbuch/dominium-persistenz-jpa/src/main/java/com/github/haschi/dominium/persistenz/jpa/BinärSerialisierer.java: Recompile with -Xlint:unchecked for details.
[INFO] 
[INFO] --- gmavenplus-plugin:1.5:compile (default) @ dominium-persistenz-jpa ---
[INFO] No sources specified for compilation.  Skipping.
[INFO] 
[INFO] --- aspectj-maven-plugin:1.8:compile (weave-classes) @ dominium-persistenz-jpa ---
[INFO] Showing AJC message detail for messages of types: [error, warning, fail]
[INFO] 
[INFO] --- maven-resources-plugin:2.6:testResources (default-testResources) @ dominium-persistenz-jpa ---
[INFO] Using 'UTF-8' encoding to copy filtered resources.
[INFO] Copying 3 resources
[INFO] 
[INFO] --- maven-compiler-plugin:3.5.1:testCompile (default-testCompile) @ dominium-persistenz-jpa ---
[INFO] Compiling 18 source files to /home/matthias/Projekte/haushaltsbuch/dominium-persistenz-jpa/target/test-classes
[INFO] -------------------------------------------------------------
[ERROR] COMPILATION ERROR : 
[INFO] -------------------------------------------------------------
[ERROR] /home/matthias/Projekte/haushaltsbuch/dominium-persistenz-jpa/src/test/java/com/github/haschi/testing/TestUhr.java:[7,25] package javax.interceptor does not exist
[ERROR] /home/matthias/Projekte/haushaltsbuch/dominium-persistenz-jpa/src/test/java/com/github/haschi/testing/TestUhr.java:[11,22] package Interceptor does not exist
[INFO] 2 errors 
[INFO] -------------------------------------------------------------
[INFO] ------------------------------------------------------------------------
[INFO] Reactor Summary:
[INFO] 
[INFO] coding-0.0.26-SNAPSHOT ............................. SUCCESS [  0.137 s]
[INFO] parent-0.0.26-SNAPSHOT ............................. SUCCESS [  0.002 s]
[INFO] aspekte-0.0.26-SNAPSHOT ............................ SUCCESS [  3.375 s]
[INFO] haushaltsbuch-0.0.1-SNAPSHOT ....................... SUCCESS [  0.652 s]
[INFO] richtlinien-0.0.26-SNAPSHOT ........................ SUCCESS [  0.150 s]
[INFO] dominium ........................................... SUCCESS [  9.569 s]
[INFO] dominium-persistenz-jpa ............................ FAILURE [  0.542 s]
[INFO] domaene-0.0.1-SNAPSHOT ............................. SKIPPED
[INFO] infrastruktur-0.0.1-SNAPSHOT ....................... SKIPPED
[INFO] anwendung .......................................... SKIPPED
[INFO] dominium-persistenz-atom ........................... SKIPPED
[INFO] ------------------------------------------------------------------------
[INFO] BUILD FAILURE
[INFO] ------------------------------------------------------------------------
[INFO] Total time: 15.065 s
[INFO] Finished at: 2016-05-31T22:05:31+02:00
[INFO] Final Memory: 51M/385M
[INFO] ------------------------------------------------------------------------
[ERROR] Failed to execute goal org.apache.maven.plugins:maven-compiler-plugin:3.5.1:testCompile (default-testCompile) on project dominium-persistenz-jpa: Compilation failure: Compilation failure:
[ERROR] /home/matthias/Projekte/haushaltsbuch/dominium-persistenz-jpa/src/test/java/com/github/haschi/testing/TestUhr.java:[7,25] package javax.interceptor does not exist
[ERROR] /home/matthias/Projekte/haushaltsbuch/dominium-persistenz-jpa/src/test/java/com/github/haschi/testing/TestUhr.java:[11,22] package Interceptor does not exist
[ERROR] -> [Help 1]
org.apache.maven.lifecycle.LifecycleExecutionException: Failed to execute goal org.apache.maven.plugins:maven-compiler-plugin:3.5.1:testCompile (default-testCompile) on project dominium-persistenz-jpa: Compilation failure
	at org.apache.maven.lifecycle.internal.MojoExecutor.execute(MojoExecutor.java:212)
	at org.apache.maven.lifecycle.internal.MojoExecutor.execute(MojoExecutor.java:153)
	at org.apache.maven.lifecycle.internal.MojoExecutor.execute(MojoExecutor.java:145)
	at org.apache.maven.lifecycle.internal.LifecycleModuleBuilder.buildProject(LifecycleModuleBuilder.java:116)
	at org.apache.maven.lifecycle.internal.LifecycleModuleBuilder.buildProject(LifecycleModuleBuilder.java:80)
	at org.apache.maven.lifecycle.internal.builder.singlethreaded.SingleThreadedBuilder.build(SingleThreadedBuilder.java:51)
	at org.apache.maven.lifecycle.internal.LifecycleStarter.execute(LifecycleStarter.java:128)
	at org.apache.maven.DefaultMaven.doExecute(DefaultMaven.java:307)
	at org.apache.maven.DefaultMaven.doExecute(DefaultMaven.java:193)
	at org.apache.maven.DefaultMaven.execute(DefaultMaven.java:106)
	at org.apache.maven.cli.MavenCli.execute(MavenCli.java:863)
	at org.apache.maven.cli.MavenCli.doMain(MavenCli.java:288)
	at org.apache.maven.cli.MavenCli.main(MavenCli.java:199)
	at sun.reflect.NativeMethodAccessorImpl.invoke0(Native Method)
	at sun.reflect.NativeMethodAccessorImpl.invoke(NativeMethodAccessorImpl.java:62)
	at sun.reflect.DelegatingMethodAccessorImpl.invoke(DelegatingMethodAccessorImpl.java:43)
	at java.lang.reflect.Method.invoke(Method.java:497)
	at org.codehaus.plexus.classworlds.launcher.Launcher.launchEnhanced(Launcher.java:289)
	at org.codehaus.plexus.classworlds.launcher.Launcher.launch(Launcher.java:229)
	at org.codehaus.plexus.classworlds.launcher.Launcher.mainWithExitCode(Launcher.java:415)
	at org.codehaus.plexus.classworlds.launcher.Launcher.main(Launcher.java:356)
Caused by: org.apache.maven.plugin.compiler.CompilationFailureException: Compilation failure
	at org.apache.maven.plugin.compiler.AbstractCompilerMojo.execute(AbstractCompilerMojo.java:972)
	at org.apache.maven.plugin.compiler.TestCompilerMojo.execute(TestCompilerMojo.java:153)
	at org.apache.maven.plugin.DefaultBuildPluginManager.executeMojo(DefaultBuildPluginManager.java:134)
	at org.apache.maven.lifecycle.internal.MojoExecutor.execute(MojoExecutor.java:207)
	... 20 more
[ERROR] 
[ERROR] Re-run Maven using the -X switch to enable full debug logging.
[ERROR] 
[ERROR] For more information about the errors and possible solutions, please read the following articles:
[ERROR] [Help 1] http://cwiki.apache.org/confluence/display/MAVEN/MojoFailureException
[ERROR] 
[ERROR] After correcting the problems, you can resume the build with the command
[ERROR]   mvn <goals> -rf :dominium-persistenz-jpa
